[2021-07-14 17:38:36] local.ERROR: include(D:\xampp-7.3.2\htdocs\mutabaah\vendor\composer/../../app/Http/Middleware/CheckForMaintenanceMode.php): failed to open stream: No such file or directory {"exception":"[object] (ErrorException(code: 0): include(D:\\xampp-7.3.2\\htdocs\\mutabaah\\vendor\\composer/../../app/Http/Middleware/CheckForMaintenanceMode.php): failed to open stream: No such file or directory at D:\\xampp-7.3.2\\htdocs\\mutabaah\\vendor\\composer\\ClassLoader.php:444)
[stacktrace]
#0 D:\\xampp-7.3.2\\htdocs\\mutabaah\\vendor\\composer\\ClassLoader.php(444): Illuminate\\Foundation\\Bootstrap\\HandleExceptions->handleError(2, 'include(D:\\\\xamp...', 'D:\\\\xampp-7.3.2\\\\...', 444, Array)
#1 D:\\xampp-7.3.2\\htdocs\\mutabaah\\vendor\\composer\\ClassLoader.php(444): include()
#2 D:\\xampp-7.3.2\\htdocs\\mutabaah\\vendor\\composer\\ClassLoader.php(322): Composer\\Autoload\\includeFile('D:\\\\xampp-7.3.2\\\\...')
#3 [internal function]: Composer\\Autoload\\ClassLoader->loadClass('App\\\\Http\\\\Middle...')
#4 [internal function]: spl_autoload_call('App\\\\Http\\\\Middle...')
#5 D:\\xampp-7.3.2\\htdocs\\mutabaah\\vendor\\laravel\\framework\\src\\Illuminate\\Container\\Container.php(779): ReflectionClass->__construct('App\\\\Http\\\\Middle...')
#6 D:\\xampp-7.3.2\\htdocs\\mutabaah\\vendor\\laravel\\framework\\src\\Illuminate\\Container\\Container.php(658): Illuminate\\Container\\Container->build('App\\\\Http\\\\Middle...')
#7 D:\\xampp-7.3.2\\htdocs\\mutabaah\\vendor\\laravel\\framework\\src\\Illuminate\\Container\\Container.php(609): Illuminate\\Container\\Container->resolve('App\\\\Http\\\\Middle...', Array)
#8 D:\\xampp-7.3.2\\htdocs\\mutabaah\\vendor\\laravel\\framework\\src\\Illuminate\\Foundation\\Application.php(759): Illuminate\\Container\\Container->make('App\\\\Http\\\\Middle...', Array)
#9 D:\\xampp-7.3.2\\htdocs\\mutabaah\\vendor\\laravel\\framework\\src\\Illuminate\\Pipeline\\Pipeline.php(152): Illuminate\\Foundation\\Application->make('App\\\\Http\\\\Middle...')
#10 D:\\xampp-7.3.2\\htdocs\\mutabaah\\vendor\\laravel\\framework\\src\\Illuminate\\Routing\\Pipeline.php(53): Illuminate\\Pipeline\\Pipeline->Illuminate\\Pipeline\\{closure}(Object(Illuminate\\Http\\Request))
#11 D:\\xampp-7.3.2\\htdocs\\mutabaah\\vendor\\laravel\\framework\\src\\Illuminate\\Pipeline\\Pipeline.php(104): Illuminate\\Routing\\Pipeline->Illuminate\\Routing\\{closure}(Object(Illuminate\\Http\\Request))
#12 D:\\xampp-7.3.2\\htdocs\\mutabaah\\vendor\\laravel\\framework\\src\\Illuminate\\Foundation\\Http\\Kernel.php(151): Illuminate\\Pipeline\\Pipeline->then(Object(Closure))
#13 D:\\xampp-7.3.2\\htdocs\\mutabaah\\vendor\\laravel\\framework\\src\\Illuminate\\Foundation\\Http\\Kernel.php(116): Illuminate\\Foundation\\Http\\Kernel->sendRequestThroughRouter(Object(Illuminate\\Http\\Request))
#14 D:\\xampp-7.3.2\\htdocs\\mutabaah\\public\\index.php(55): Illuminate\\Foundation\\Http\\Kernel->handle(Object(Illuminate\\Http\\Request))
#15 D:\\xampp-7.3.2\\htdocs\\mutabaah\\server.php(21): require_once('D:\\\\xampp-7.3.2\\\\...')
#16 {main}
"} 
[2021-07-14 17:38:36] local.ERROR: include(D:\xampp-7.3.2\htdocs\mutabaah\vendor\composer/../../app/Http/Middleware/CheckForMaintenanceMode.php): failed to open stream: No such file or directory {"exception":"[object] (ErrorException(code: 0): include(D:\\xampp-7.3.2\\htdocs\\mutabaah\\vendor\\composer/../../app/Http/Middleware/CheckForMaintenanceMode.php): failed to open stream: No such file or directory at D:\\xampp-7.3.2\\htdocs\\mutabaah\\vendor\\composer\\ClassLoader.php:444)
[stacktrace]
#0 D:\\xampp-7.3.2\\htdocs\\mutabaah\\vendor\\composer\\ClassLoader.php(444): Illuminate\\Foundation\\Bootstrap\\HandleExceptions->handleError(2, 'include(D:\\\\xamp...', 'D:\\\\xampp-7.3.2\\\\...', 444, Array)
#1 D:\\xampp-7.3.2\\htdocs\\mutabaah\\vendor\\composer\\ClassLoader.php(444): include()
#2 D:\\xampp-7.3.2\\htdocs\\mutabaah\\vendor\\composer\\ClassLoader.php(322): Composer\\Autoload\\includeFile('D:\\\\xampp-7.3.2\\\\...')
#3 [internal function]: Composer\\Autoload\\ClassLoader->loadClass('App\\\\Http\\\\Middle...')
#4 [internal function]: spl_autoload_call('App\\\\Http\\\\Middle...')
#5 D:\\xampp-7.3.2\\htdocs\\mutabaah\\vendor\\laravel\\framework\\src\\Illuminate\\Container\\Container.php(779): ReflectionClass->__construct('App\\\\Http\\\\Middle...')
#6 D:\\xampp-7.3.2\\htdocs\\mutabaah\\vendor\\laravel\\framework\\src\\Illuminate\\Container\\Container.php(658): Illuminate\\Container\\Container->build('App\\\\Http\\\\Middle...')
#7 D:\\xampp-7.3.2\\htdocs\\mutabaah\\vendor\\laravel\\framework\\src\\Illuminate\\Container\\Container.php(609): Illuminate\\Container\\Container->resolve('App\\\\Http\\\\Middle...', Array)
#8 D:\\xampp-7.3.2\\htdocs\\mutabaah\\vendor\\laravel\\framework\\src\\Illuminate\\Foundation\\Application.php(759): Illuminate\\Container\\Container->make('App\\\\Http\\\\Middle...', Array)
#9 D:\\xampp-7.3.2\\htdocs\\mutabaah\\vendor\\laravel\\framework\\src\\Illuminate\\Foundation\\Http\\Kernel.php(215): Illuminate\\Foundation\\Application->make('App\\\\Http\\\\Middle...')
#10 D:\\xampp-7.3.2\\htdocs\\mutabaah\\vendor\\laravel\\framework\\src\\Illuminate\\Foundation\\Http\\Kernel.php(189): Illuminate\\Foundation\\Http\\Kernel->terminateMiddleware(Object(Illuminate\\Http\\Request), Object(Illuminate\\Http\\Response))
#11 D:\\xampp-7.3.2\\htdocs\\mutabaah\\public\\index.php(60): Illuminate\\Foundation\\Http\\Kernel->terminate(Object(Illuminate\\Http\\Request), Object(Illuminate\\Http\\Response))
#12 D:\\xampp-7.3.2\\htdocs\\mutabaah\\server.php(21): require_once('D:\\\\xampp-7.3.2\\\\...')
#13 {main}
"} 
[2021-07-14 17:45:21] local.ERROR: include(D:\xampp-7.3.2\htdocs\mutabaah\vendor\composer/../../app/Http/Middleware/CheckForMaintenanceMode.php): failed to open stream: No such file or directory {"exception":"[object] (ErrorException(code: 0): include(D:\\xampp-7.3.2\\htdocs\\mutabaah\\vendor\\composer/../../app/Http/Middleware/CheckForMaintenanceMode.php): failed to open stream: No such file or directory at D:\\xampp-7.3.2\\htdocs\\mutabaah\\vendor\\composer\\ClassLoader.php:444)
[stacktrace]
#0 D:\\xampp-7.3.2\\htdocs\\mutabaah\\vendor\\composer\\ClassLoader.php(444): Illuminate\\Foundation\\Bootstrap\\HandleExceptions->handleError(2, 'include(D:\\\\xamp...', 'D:\\\\xampp-7.3.2\\\\...', 444, Array)
#1 D:\\xampp-7.3.2\\htdocs\\mutabaah\\vendor\\composer\\ClassLoader.php(444): include()
#2 D:\\xampp-7.3.2\\htdocs\\mutabaah\\vendor\\composer\\ClassLoader.php(322): Composer\\Autoload\\includeFile('D:\\\\xampp-7.3.2\\\\...')
#3 [internal function]: Composer\\Autoload\\ClassLoader->loadClass('App\\\\Http\\\\Middle...')
#4 [internal function]: spl_autoload_call('App\\\\Http\\\\Middle...')
#5 D:\\xampp-7.3.2\\htdocs\\mutabaah\\vendor\\laravel\\framework\\src\\Illuminate\\Container\\Container.php(779): ReflectionClass->__construct('App\\\\Http\\\\Middle...')
#6 D:\\xampp-7.3.2\\htdocs\\mutabaah\\vendor\\laravel\\framework\\src\\Illuminate\\Container\\Container.php(658): Illuminate\\Container\\Container->build('App\\\\Http\\\\Middle...')
#7 D:\\xampp-7.3.2\\htdocs\\mutabaah\\vendor\\laravel\\framework\\src\\Illuminate\\Container\\Container.php(609): Illuminate\\Container\\Container->resolve('App\\\\Http\\\\Middle...', Array)
#8 D:\\xampp-7.3.2\\htdocs\\mutabaah\\vendor\\laravel\\framework\\src\\Illuminate\\Foundation\\Application.php(759): Illuminate\\Container\\Container->make('App\\\\Http\\\\Middle...', Array)
#9 D:\\xampp-7.3.2\\htdocs\\mutabaah\\vendor\\laravel\\framework\\src\\Illuminate\\Pipeline\\Pipeline.php(152): Illuminate\\Foundation\\Application->make('App\\\\Http\\\\Middle...')
#10 D:\\xampp-7.3.2\\htdocs\\mutabaah\\vendor\\laravel\\framework\\src\\Illuminate\\Routing\\Pipeline.php(53): Illuminate\\Pipeline\\Pipeline->Illuminate\\Pipeline\\{closure}(Object(Illuminate\\Http\\Request))
#11 D:\\xampp-7.3.2\\htdocs\\mutabaah\\vendor\\laravel\\framework\\src\\Illuminate\\Pipeline\\Pipeline.php(104): Illuminate\\Routing\\Pipeline->Illuminate\\Routing\\{closure}(Object(Illuminate\\Http\\Request))
#12 D:\\xampp-7.3.2\\htdocs\\mutabaah\\vendor\\laravel\\framework\\src\\Illuminate\\Foundation\\Http\\Kernel.php(151): Illuminate\\Pipeline\\Pipeline->then(Object(Closure))
#13 D:\\xampp-7.3.2\\htdocs\\mutabaah\\vendor\\laravel\\framework\\src\\Illuminate\\Foundation\\Http\\Kernel.php(116): Illuminate\\Foundation\\Http\\Kernel->sendRequestThroughRouter(Object(Illuminate\\Http\\Request))
#14 D:\\xampp-7.3.2\\htdocs\\mutabaah\\public\\index.php(55): Illuminate\\Foundation\\Http\\Kernel->handle(Object(Illuminate\\Http\\Request))
#15 D:\\xampp-7.3.2\\htdocs\\mutabaah\\server.php(21): require_once('D:\\\\xampp-7.3.2\\\\...')
#16 {main}
"} 
[2021-07-14 17:45:21] local.ERROR: include(D:\xampp-7.3.2\htdocs\mutabaah\vendor\composer/../../app/Http/Middleware/CheckForMaintenanceMode.php): failed to open stream: No such file or directory {"exception":"[object] (ErrorException(code: 0): include(D:\\xampp-7.3.2\\htdocs\\mutabaah\\vendor\\composer/../../app/Http/Middleware/CheckForMaintenanceMode.php): failed to open stream: No such file or directory at D:\\xampp-7.3.2\\htdocs\\mutabaah\\vendor\\composer\\ClassLoader.php:444)
[stacktrace]
#0 D:\\xampp-7.3.2\\htdocs\\mutabaah\\vendor\\composer\\ClassLoader.php(444): Illuminate\\Foundation\\Bootstrap\\HandleExceptions->handleError(2, 'include(D:\\\\xamp...', 'D:\\\\xampp-7.3.2\\\\...', 444, Array)
#1 D:\\xampp-7.3.2\\htdocs\\mutabaah\\vendor\\composer\\ClassLoader.php(444): include()
#2 D:\\xampp-7.3.2\\htdocs\\mutabaah\\vendor\\composer\\ClassLoader.php(322): Composer\\Autoload\\includeFile('D:\\\\xampp-7.3.2\\\\...')
#3 [internal function]: Composer\\Autoload\\ClassLoader->loadClass('App\\\\Http\\\\Middle...')
#4 [internal function]: spl_autoload_call('App\\\\Http\\\\Middle...')
#5 D:\\xampp-7.3.2\\htdocs\\mutabaah\\vendor\\laravel\\framework\\src\\Illuminate\\Container\\Container.php(779): ReflectionClass->__construct('App\\\\Http\\\\Middle...')
#6 D:\\xampp-7.3.2\\htdocs\\mutabaah\\vendor\\laravel\\framework\\src\\Illuminate\\Container\\Container.php(658): Illuminate\\Container\\Container->build('App\\\\Http\\\\Middle...')
#7 D:\\xampp-7.3.2\\htdocs\\mutabaah\\vendor\\laravel\\framework\\src\\Illuminate\\Container\\Container.php(609): Illuminate\\Container\\Container->resolve('App\\\\Http\\\\Middle...', Array)
#8 D:\\xampp-7.3.2\\htdocs\\mutabaah\\vendor\\laravel\\framework\\src\\Illuminate\\Foundation\\Application.php(759): Illuminate\\Container\\Container->make('App\\\\Http\\\\Middle...', Array)
#9 D:\\xampp-7.3.2\\htdocs\\mutabaah\\vendor\\laravel\\framework\\src\\Illuminate\\Foundation\\Http\\Kernel.php(215): Illuminate\\Foundation\\Application->make('App\\\\Http\\\\Middle...')
#10 D:\\xampp-7.3.2\\htdocs\\mutabaah\\vendor\\laravel\\framework\\src\\Illuminate\\Foundation\\Http\\Kernel.php(189): Illuminate\\Foundation\\Http\\Kernel->terminateMiddleware(Object(Illuminate\\Http\\Request), Object(Illuminate\\Http\\Response))
#11 D:\\xampp-7.3.2\\htdocs\\mutabaah\\public\\index.php(60): Illuminate\\Foundation\\Http\\Kernel->terminate(Object(Illuminate\\Http\\Request), Object(Illuminate\\Http\\Response))
#12 D:\\xampp-7.3.2\\htdocs\\mutabaah\\server.php(21): require_once('D:\\\\xampp-7.3.2\\\\...')
#13 {main}
"} 
